Build started 4/17/2015 1:55:21 PM.
     1>Project "C:\Users\Michaella\Documents\cheshiregame\cheshiregame\cheshiregame\cheshiregame.vcxproj" on node 2 (Build target(s)).
     1>ClCompile:
         C:\Program Files (x86)\Microsoft Visual Studio 12.0\VC\bin\CL.exe /c /ZI /nologo /W3 /WX- /sdl /Od /Oy- /D WIN32 /D _DEBUG /D _CONSOLE /D _LIB /D _UNICODE /D UNICODE /Gm /EHsc /RTC1 /MDd /GS /fp:precise /Zc:wchar_t /Zc:forScope /Yu"stdafx.h" /Fp"Debug\cheshiregame.pch" /Fo"Debug\\" /Fd"Debug\vc120.pdb" /Gd /TP /analyze- /errorReport:prompt Cheshire_Game.cpp Store.cpp Town.cpp
         Town.cpp
     1>c:\users\michaella\documents\cheshiregame\cheshiregame\cheshiregame\town.cpp(263): warning C4244: 'argument' : conversion from 'time_t' to 'unsigned int', possible loss of data
     1>c:\users\michaella\documents\cheshiregame\cheshiregame\cheshiregame\town.cpp(284): error C2664: 'Dungeon::Dungeon(const Dungeon &)' : cannot convert argument 1 from 'const char [15]' to 'const Dungeon &'
                 Reason: cannot convert from 'const char [15]' to 'const Dungeon'
                 No constructor could take the source type, or constructor overload resolution was ambiguous
         Store.cpp
     1>c:\users\michaella\documents\cheshiregame\cheshiregame\cheshiregame\store.cpp(52): warning C4018: '>' : signed/unsigned mismatch
     1>c:\users\michaella\documents\cheshiregame\cheshiregame\cheshiregame\store.cpp(64): warning C4018: '<' : signed/unsigned mismatch
     1>c:\users\michaella\documents\cheshiregame\cheshiregame\cheshiregame\store.cpp(80): warning C4018: '<' : signed/unsigned mismatch
     1>c:\users\michaella\documents\cheshiregame\cheshiregame\cheshiregame\store.cpp(98): warning C4018: '<' : signed/unsigned mismatch
     1>c:\users\michaella\documents\cheshiregame\cheshiregame\cheshiregame\store.cpp(118): warning C4018: '<' : signed/unsigned mismatch
     1>c:\users\michaella\documents\cheshiregame\cheshiregame\cheshiregame\store.cpp(153): warning C4018: '<' : signed/unsigned mismatch
     1>c:\users\michaella\documents\cheshiregame\cheshiregame\cheshiregame\store.cpp(243): warning C4018: '<' : signed/unsigned mismatch
     1>c:\users\michaella\documents\cheshiregame\cheshiregame\cheshiregame\store.cpp(254): warning C4018: '<' : signed/unsigned mismatch
         Cheshire_Game.cpp
     1>c:\users\michaella\documents\cheshiregame\cheshiregame\cheshiregame\cheshire_game.cpp(60): warning C4244: 'argument' : conversion from 'time_t' to 'unsigned int', possible loss of data
         Generating Code...
     1>Done Building Project "C:\Users\Michaella\Documents\cheshiregame\cheshiregame\cheshiregame\cheshiregame.vcxproj" (Build target(s)) -- FAILED.

Build FAILED.

Time Elapsed 00:00:03.36
